<?xml version="1.0" encoding="UTF-8"?>
<!-- Generated by org.testng.reporters.JUnitReportReporter -->
<testsuite hostname="LAPTOP-JPAOG5NK" failures="0" tests="2" name="com.dataProvider.BasicTest3" time="0.001" errors="0" timestamp="2022-11-06T01:56:20 IST" skipped="0">
  <testcase classname="com.dataProvider.BasicTest3" name="TestLogin" time="0.001"/>
  <system-out/>
  <testcase classname="com.dataProvider.BasicTest3" name="TestLogin" time="0.000"/>
  <system-out/>
</testsuite> <!-- com.dataProvider.BasicTest3 -->
