<?xml version="1.0" encoding="UTF-8"?>
<!-- Generated by org.testng.reporters.JUnitReportReporter -->
<testsuite hostname="LAPTOP-JPAOG5NK" failures="0" tests="3" name="com.dataProvider.BasicTest" time="29.854" errors="0" timestamp="2022-11-06T01:56:20 IST" skipped="0">
  <testcase classname="com.dataProvider.BasicTest" name="TestLogin" time="8.809"/>
  <system-out/>
  <testcase classname="com.dataProvider.BasicTest" name="TestLogin" time="10.384"/>
  <system-out/>
  <testcase classname="com.dataProvider.BasicTest" name="TestLogin" time="10.661"/>
  <system-out/>
</testsuite> <!-- com.dataProvider.BasicTest -->
