<?xml version="1.0" encoding="UTF-8"?>
<!-- Generated by org.testng.reporters.JUnitReportReporter -->
<testsuite hostname="LAPTOP-JPAOG5NK" failures="0" tests="1" name="com.Ng.TestClass" time="5.371" errors="0" timestamp="2022-07-26T01:05:53 IST" skipped="0">
  <testcase classname="com.Ng.TestClass" name="TestGoogle" time="5.371"/>
  <system-out/>
</testsuite> <!-- com.Ng.TestClass -->
