<?xml version="1.0" encoding="UTF-8"?>
<!-- Generated by org.testng.reporters.JUnitReportReporter -->
<testsuite hostname="LAPTOP-JPAOG5NK" failures="0" tests="2" name="com.Ng.TestCls" time="8.393" errors="0" timestamp="2022-07-26T00:39:32 IST" skipped="0">
  <testcase classname="com.Ng.TestCls" name="TestGoogle1" time="2.103"/>
  <system-out/>
  <testcase classname="com.Ng.TestCls" name="TestGoogle" time="6.290"/>
  <system-out/>
</testsuite> <!-- com.Ng.TestCls -->
