<?xml version="1.0" encoding="UTF-8"?>
<!-- Generated by org.testng.reporters.JUnitReportReporter -->
<testsuite hostname="LAPTOP-JPAOG5NK" failures="0" tests="4" name="com.hyr.demoTests.NewTest2" time="0.004" errors="0" timestamp="2022-11-06T01:56:20 IST" skipped="0">
  <testcase classname="com.hyr.demoTests.NewTest2" name="test5" time="0.000"/>
  <system-out/>
  <testcase classname="com.hyr.demoTests.NewTest2" name="test4" time="0.003"/>
  <system-out/>
  <testcase classname="com.hyr.demoTests.NewTest2" name="test7" time="0.001"/>
  <system-out/>
  <testcase classname="com.hyr.demoTests.NewTest2" name="test6" time="0.000"/>
  <system-out/>
</testsuite> <!-- com.hyr.demoTests.NewTest2 -->
