<?xml version="1.0" encoding="UTF-8"?>
<!-- Generated by org.testng.reporters.JUnitReportReporter -->
<testsuite hostname="LAPTOP-JPAOG5NK" failures="0" tests="4" name="com.hyr.parallelTest.TestClass1" time="0.002" errors="0" timestamp="2022-11-06T01:56:20 IST" skipped="0">
  <testcase classname="com.hyr.parallelTest.TestClass1" name="testmethod2" time="0.000"/>
  <system-out/>
  <testcase classname="com.hyr.parallelTest.TestClass1" name="testmethod4" time="0.001"/>
  <system-out/>
  <testcase classname="com.hyr.parallelTest.TestClass1" name="testmethod1" time="0.001"/>
  <system-out/>
  <testcase classname="com.hyr.parallelTest.TestClass1" name="testmethod3" time="0.000"/>
  <system-out/>
</testsuite> <!-- com.hyr.parallelTest.TestClass1 -->
