<?xml version="1.0" encoding="UTF-8"?>
<!-- Generated by org.testng.reporters.JUnitReportReporter -->
<testsuite hostname="LAPTOP-JPAOG5NK" failures="0" tests="4" name="com.hyr.groupTests.TestGroupdependency" time="0.003" errors="0" timestamp="2022-08-05T18:34:18 IST" skipped="0">
  <testcase classname="com.hyr.groupTests.TestGroupdependency" name="test1" time="0.001"/>
  <system-out/>
  <testcase classname="com.hyr.groupTests.TestGroupdependency" name="test2" time="0.001"/>
  <system-out/>
  <testcase classname="com.hyr.groupTests.TestGroupdependency" name="test3" time="0.000"/>
  <system-out/>
  <testcase classname="com.hyr.groupTests.TestGroupdependency" name="test0" time="0.001"/>
  <system-out/>
</testsuite> <!-- com.hyr.groupTests.TestGroupdependency -->
