<?xml version="1.0" encoding="UTF-8"?>
<!-- Generated by org.testng.reporters.JUnitReportReporter -->
<testsuite hostname="LAPTOP-JPAOG5NK" failures="0" tests="4" name="com.hyr.parallelTest.TestClass3" time="0.001" errors="0" timestamp="2022-11-06T01:56:20 IST" skipped="0">
  <testcase classname="com.hyr.parallelTest.TestClass3" name="testmethod11" time="0.000"/>
  <system-out/>
  <testcase classname="com.hyr.parallelTest.TestClass3" name="testmethod8" time="0.000"/>
  <system-out/>
  <testcase classname="com.hyr.parallelTest.TestClass3" name="testmethod10" time="0.001"/>
  <system-out/>
  <testcase classname="com.hyr.parallelTest.TestClass3" name="testmethod9" time="0.000"/>
  <system-out/>
</testsuite> <!-- com.hyr.parallelTest.TestClass3 -->
