<?xml version="1.0" encoding="UTF-8"?>
<!-- Generated by org.testng.reporters.JUnitReportReporter -->
<testsuite hostname="LAPTOP-JPAOG5NK" failures="0" tests="2" name="com.hyrs.Tests.AnnotationsTest" time="0.002" errors="0" timestamp="2022-11-06T01:56:20 IST" skipped="0">
  <testcase classname="com.hyrs.Tests.AnnotationsTest" name="testmethod2" time="0.000"/>
  <system-out/>
  <testcase classname="com.hyrs.Tests.AnnotationsTest" name="testmethod1" time="0.002"/>
  <system-out/>
</testsuite> <!-- com.hyrs.Tests.AnnotationsTest -->
