<?xml version="1.0" encoding="UTF-8"?>
<!-- Generated by org.testng.reporters.JUnitReportReporter -->
<testsuite hostname="LAPTOP-JPAOG5NK" failures="0" tests="4" name="com.dataProvider.BasicTest4" time="0.004" errors="0" timestamp="2022-11-06T01:56:20 IST" skipped="0">
  <testcase classname="com.dataProvider.BasicTest4" name="TestLogin" time="0.001"/>
  <system-out/>
  <testcase classname="com.dataProvider.BasicTest4" name="TestLogin" time="0.001"/>
  <system-out/>
  <testcase classname="com.dataProvider.BasicTest4" name="TestLogin" time="0.001"/>
  <system-out/>
  <testcase classname="com.dataProvider.BasicTest4" name="TestLogin" time="0.001"/>
  <system-out/>
</testsuite> <!-- com.dataProvider.BasicTest4 -->
