<?xml version="1.0" encoding="UTF-8"?>
<!-- Generated by org.testng.reporters.JUnitReportReporter -->
<testsuite hostname="LAPTOP-JPAOG5NK" failures="0" tests="2" name="com.hyr.demoTests.NewTest" time="0.006" errors="0" timestamp="2022-07-31T22:54:16 IST" skipped="0">
  <testcase classname="com.hyr.demoTests.NewTest" name="test3" time="0.001"/>
  <system-out/>
  <testcase classname="com.hyr.demoTests.NewTest" name="test2" time="0.005"/>
  <system-out/>
</testsuite> <!-- com.hyr.demoTests.NewTest -->
