<?xml version="1.0" encoding="UTF-8"?>
<!-- Generated by org.testng.reporters.JUnitReportReporter -->
<testsuite hostname="LAPTOP-JPAOG5NK" failures="0" tests="3" name="com.hyr.parallelTest.TestClass2" time="0.000" errors="0" timestamp="2022-11-06T01:56:20 IST" skipped="0">
  <testcase classname="com.hyr.parallelTest.TestClass2" name="testmethod5" time="0.000"/>
  <system-out/>
  <testcase classname="com.hyr.parallelTest.TestClass2" name="testmethod7" time="0.000"/>
  <system-out/>
  <testcase classname="com.hyr.parallelTest.TestClass2" name="testmethod6" time="0.000"/>
  <system-out/>
</testsuite> <!-- com.hyr.parallelTest.TestClass2 -->
