<?xml version="1.0" encoding="UTF-8"?>
<!-- Generated by org.testng.reporters.JUnitReportReporter -->
<testsuite hostname="LAPTOP-JPAOG5NK" failures="0" tests="7" name="com.hyr.dependencyTests.TestGroupdependency" time="0.004" errors="0" timestamp="2022-11-06T01:56:20 IST" skipped="0">
  <testcase classname="com.hyr.dependencyTests.TestGroupdependency" name="test6" time="0.001"/>
  <system-out/>
  <testcase classname="com.hyr.dependencyTests.TestGroupdependency" name="test7" time="0.001"/>
  <system-out/>
  <testcase classname="com.hyr.dependencyTests.TestGroupdependency" name="test5" time="0.001"/>
  <system-out/>
  <testcase classname="com.hyr.dependencyTests.TestGroupdependency" name="test4" time="0.000"/>
  <system-out/>
  <testcase classname="com.hyr.dependencyTests.TestGroupdependency" name="test3" time="0.001"/>
  <system-out/>
  <testcase classname="com.hyr.dependencyTests.TestGroupdependency" name="test1" time="0.000"/>
  <system-out/>
  <testcase classname="com.hyr.dependencyTests.TestGroupdependency" name="test2" time="0.000"/>
  <system-out/>
</testsuite> <!-- com.hyr.dependencyTests.TestGroupdependency -->
