<?xml version="1.0" encoding="UTF-8"?>
<!-- Generated by org.testng.reporters.JUnitReportReporter -->
<testsuite hostname="LAPTOP-JPAOG5NK" failures="0" tests="1" name="com.hyrs.TestClasss" time="6.311" errors="0" timestamp="2022-07-30T15:52:30 IST" skipped="0">
  <testcase classname="com.hyrs.TestClasss" name="TestGoogle" time="6.311"/>
  <system-out/>
</testsuite> <!-- com.hyrs.TestClasss -->
